<?xml version="1.0" encoding="UTF-8"?>
<!-- Generated by org.testng.reporters.JUnitReportReporter -->
<testsuite skipped="0" hostname="DESKTOP-QOOVQF0" name="orangeHRM.AAKJJKOKJ" tests="3" failures="0" timestamp="2023-08-14T18:10:20 IST" time="42.833" errors="0">
  <testcase name="verifyRegistrationAndLogin" time="13.280" classname="orangeHRM.AAKJJKOKJ"/>
  <system-out/>
  <testcase name="verifyRegistrationAndLogin" time="15.806" classname="orangeHRM.AAKJJKOKJ"/>
  <system-out/>
  <testcase name="verifyRegistrationAndLogin" time="13.747" classname="orangeHRM.AAKJJKOKJ"/>
  <system-out/>
</testsuite> <!-- orangeHRM.AAKJJKOKJ -->
