<?xml version="1.0" encoding="UTF-8"?>
<!-- Generated by org.testng.reporters.JUnitReportReporter -->
<testsuite skipped="0" hostname="DESKTOP-QOOVQF0" name="orangeHRM.SSSS" tests="1" failures="0" timestamp="2023-08-14T23:56:53 IST" time="20.649" errors="0">
  <testcase name="testLoginData" time="20.649" classname="orangeHRM.SSSS"/>
  <system-out/>
</testsuite> <!-- orangeHRM.SSSS -->
